DEBUG - 2025-06-04 01:20:19 --> Session: Class initialized using 'CodeIgniter\Session\Handlers\FileHandler' driver.
DEBUG - 2025-06-04 01:20:22 --> Session: Class initialized using 'CodeIgniter\Session\Handlers\FileHandler' driver.
DEBUG - 2025-06-04 01:20:22 --> Session: Class initialized using 'CodeIgniter\Session\Handlers\FileHandler' driver.
DEBUG - 2025-06-04 01:21:04 --> Session: Class initialized using 'CodeIgniter\Session\Handlers\FileHandler' driver.
INFO - 2025-06-04 01:21:04 --> Cart Class Initialized
DEBUG - 2025-06-04 01:21:19 --> Session: Class initialized using 'CodeIgniter\Session\Handlers\FileHandler' driver.
DEBUG - 2025-06-04 01:21:34 --> Session: Class initialized using 'CodeIgniter\Session\Handlers\FileHandler' driver.
INFO - 2025-06-04 01:21:34 --> Cart Class Initialized
DEBUG - 2025-06-04 01:21:34 --> Session: Class initialized using 'CodeIgniter\Session\Handlers\FileHandler' driver.
DEBUG - 2025-06-04 01:21:37 --> Session: Class initialized using 'CodeIgniter\Session\Handlers\FileHandler' driver.
INFO - 2025-06-04 01:21:37 --> Cart Class Initialized
DEBUG - 2025-06-04 01:21:44 --> Session: Class initialized using 'CodeIgniter\Session\Handlers\FileHandler' driver.
DEBUG - 2025-06-04 01:21:48 --> Session: Class initialized using 'CodeIgniter\Session\Handlers\FileHandler' driver.
INFO - 2025-06-04 01:21:48 --> Cart Class Initialized
DEBUG - 2025-06-04 01:21:48 --> Session: Class initialized using 'CodeIgniter\Session\Handlers\FileHandler' driver.
DEBUG - 2025-06-04 01:21:51 --> Session: Class initialized using 'CodeIgniter\Session\Handlers\FileHandler' driver.
INFO - 2025-06-04 01:21:51 --> Cart Class Initialized
CRITICAL - 2025-06-04 01:31:36 --> ParseError: syntax error, unexpected token ";", expecting "]"
[Method: GET, Route: Transaksi]
in APPPATH\Controllers\Transaksi.php on line 22.
 1 SYSTEMPATH\Router\Router.php(567): CodeIgniter\Router\AutoRouter->getRoute('Transaksi', 'GET')
 2 SYSTEMPATH\Router\Router.php(231): CodeIgniter\Router\Router->autoRoute('Transaksi')
 3 SYSTEMPATH\CodeIgniter.php(832): CodeIgniter\Router\Router->handle('Transaksi')
 4 SYSTEMPATH\CodeIgniter.php(455): CodeIgniter\CodeIgniter->tryToRouteIt(Object(CodeIgniter\Router\RouteCollection))
 5 SYSTEMPATH\CodeIgniter.php(354): CodeIgniter\CodeIgniter->handleRequest(null, Object(Config\Cache), false)
 6 SYSTEMPATH\Boot.php(334): CodeIgniter\CodeIgniter->run()
 7 SYSTEMPATH\Boot.php(67): CodeIgniter\Boot::runCodeIgniter(Object(CodeIgniter\CodeIgniter))
 8 FCPATH\index.php(59): CodeIgniter\Boot::bootWeb(Object(Config\Paths))
 9 SYSTEMPATH\rewrite.php(44): require_once('C:\\laragon\\www\\kasir-ci4\\public\\index.php')
DEBUG - 2025-06-04 01:46:35 --> Session: Class initialized using 'CodeIgniter\Session\Handlers\FileHandler' driver.
INFO - 2025-06-04 01:46:35 --> Cart Class Initialized
DEBUG - 2025-06-04 01:46:58 --> Session: Class initialized using 'CodeIgniter\Session\Handlers\FileHandler' driver.
INFO - 2025-06-04 01:46:58 --> Cart Class Initialized
DEBUG - 2025-06-04 01:47:01 --> Session: Class initialized using 'CodeIgniter\Session\Handlers\FileHandler' driver.
INFO - 2025-06-04 01:47:01 --> Cart Class Initialized
DEBUG - 2025-06-04 01:47:08 --> Session: Class initialized using 'CodeIgniter\Session\Handlers\FileHandler' driver.
DEBUG - 2025-06-04 01:47:12 --> Session: Class initialized using 'CodeIgniter\Session\Handlers\FileHandler' driver.
INFO - 2025-06-04 01:47:12 --> Cart Class Initialized
DEBUG - 2025-06-04 01:47:12 --> Session: Class initialized using 'CodeIgniter\Session\Handlers\FileHandler' driver.
INFO - 2025-06-04 01:47:12 --> Cart Class Initialized
DEBUG - 2025-06-04 01:49:34 --> Session: Class initialized using 'CodeIgniter\Session\Handlers\FileHandler' driver.
INFO - 2025-06-04 01:49:34 --> Cart Class Initialized
CRITICAL - 2025-06-04 01:49:34 --> ErrorException: Undefined array key "option"
[Method: GET, Route: Transaksi]
in APPPATH\Views\v_transaksi.php on line 186.
 1 APPPATH\Views\v_transaksi.php(186): CodeIgniter\Debug\Exceptions->errorHandler(2, 'Undefined array key "option"', 'C:\\laragon\\www\\kasir-ci4\\app\\Views\\v_transaksi.php', 186)
 2 SYSTEMPATH\View\View.php(224): include('C:\\laragon\\www\\kasir-ci4\\app\\Views\\v_transaksi.php')
 3 SYSTEMPATH\View\View.php(227): CodeIgniter\View\View->CodeIgniter\View\{closure}()
 4 SYSTEMPATH\Common.php(1173): CodeIgniter\View\View->render('v_transaksi', [], true)
 5 APPPATH\Controllers\Transaksi.php(24): view('v_transaksi', [...])
 6 SYSTEMPATH\CodeIgniter.php(933): App\Controllers\Transaksi->index()
 7 SYSTEMPATH\CodeIgniter.php(507): CodeIgniter\CodeIgniter->runController(Object(App\Controllers\Transaksi))
 8 SYSTEMPATH\CodeIgniter.php(354): CodeIgniter\CodeIgniter->handleRequest(null, Object(Config\Cache), false)
 9 SYSTEMPATH\Boot.php(334): CodeIgniter\CodeIgniter->run()
10 SYSTEMPATH\Boot.php(67): CodeIgniter\Boot::runCodeIgniter(Object(CodeIgniter\CodeIgniter))
11 FCPATH\index.php(59): CodeIgniter\Boot::bootWeb(Object(Config\Paths))
12 SYSTEMPATH\rewrite.php(44): require_once('C:\\laragon\\www\\kasir-ci4\\public\\index.php')
DEBUG - 2025-06-04 01:54:01 --> Session: Class initialized using 'CodeIgniter\Session\Handlers\FileHandler' driver.
INFO - 2025-06-04 01:54:01 --> Cart Class Initialized
DEBUG - 2025-06-04 01:55:44 --> Session: Class initialized using 'CodeIgniter\Session\Handlers\FileHandler' driver.
INFO - 2025-06-04 01:55:44 --> Cart Class Initialized
DEBUG - 2025-06-04 01:56:33 --> Session: Class initialized using 'CodeIgniter\Session\Handlers\FileHandler' driver.
INFO - 2025-06-04 01:56:34 --> Cart Class Initialized
DEBUG - 2025-06-04 01:56:59 --> Session: Class initialized using 'CodeIgniter\Session\Handlers\FileHandler' driver.
INFO - 2025-06-04 01:56:59 --> Cart Class Initialized
DEBUG - 2025-06-04 01:59:57 --> Session: Class initialized using 'CodeIgniter\Session\Handlers\FileHandler' driver.
INFO - 2025-06-04 01:59:57 --> Cart Class Initialized
DEBUG - 2025-06-04 02:01:11 --> Session: Class initialized using 'CodeIgniter\Session\Handlers\FileHandler' driver.
INFO - 2025-06-04 02:01:12 --> Cart Class Initialized
DEBUG - 2025-06-04 02:11:14 --> Session: Class initialized using 'CodeIgniter\Session\Handlers\FileHandler' driver.
INFO - 2025-06-04 02:11:14 --> Cart Class Initialized
DEBUG - 2025-06-04 02:12:07 --> Session: Class initialized using 'CodeIgniter\Session\Handlers\FileHandler' driver.
INFO - 2025-06-04 02:12:07 --> Cart Class Initialized
DEBUG - 2025-06-04 08:17:14 --> Session: Class initialized using 'CodeIgniter\Session\Handlers\FileHandler' driver.
DEBUG - 2025-06-04 08:18:41 --> Session: Class initialized using 'CodeIgniter\Session\Handlers\FileHandler' driver.
DEBUG - 2025-06-04 08:18:41 --> Session: Class initialized using 'CodeIgniter\Session\Handlers\FileHandler' driver.
INFO - 2025-06-04 08:18:41 --> Cart Class Initialized
DEBUG - 2025-06-04 08:18:48 --> Session: Class initialized using 'CodeIgniter\Session\Handlers\FileHandler' driver.
DEBUG - 2025-06-04 08:18:59 --> Session: Class initialized using 'CodeIgniter\Session\Handlers\FileHandler' driver.
INFO - 2025-06-04 08:18:59 --> Cart Class Initialized
DEBUG - 2025-06-04 08:19:00 --> Session: Class initialized using 'CodeIgniter\Session\Handlers\FileHandler' driver.
INFO - 2025-06-04 08:19:00 --> Cart Class Initialized
DEBUG - 2025-06-04 08:19:07 --> Session: Class initialized using 'CodeIgniter\Session\Handlers\FileHandler' driver.
DEBUG - 2025-06-04 08:19:10 --> Session: Class initialized using 'CodeIgniter\Session\Handlers\FileHandler' driver.
INFO - 2025-06-04 08:19:10 --> Cart Class Initialized
DEBUG - 2025-06-04 08:19:11 --> Session: Class initialized using 'CodeIgniter\Session\Handlers\FileHandler' driver.
INFO - 2025-06-04 08:19:11 --> Cart Class Initialized
DEBUG - 2025-06-04 08:19:22 --> Session: Class initialized using 'CodeIgniter\Session\Handlers\FileHandler' driver.
DEBUG - 2025-06-04 08:19:28 --> Session: Class initialized using 'CodeIgniter\Session\Handlers\FileHandler' driver.
INFO - 2025-06-04 08:19:28 --> Cart Class Initialized
DEBUG - 2025-06-04 08:19:28 --> Session: Class initialized using 'CodeIgniter\Session\Handlers\FileHandler' driver.
INFO - 2025-06-04 08:19:28 --> Cart Class Initialized
DEBUG - 2025-06-04 08:23:01 --> Session: Class initialized using 'CodeIgniter\Session\Handlers\FileHandler' driver.
INFO - 2025-06-04 08:23:01 --> Cart Class Initialized
DEBUG - 2025-06-04 08:23:07 --> Session: Class initialized using 'CodeIgniter\Session\Handlers\FileHandler' driver.
INFO - 2025-06-04 08:23:07 --> Cart Class Initialized
DEBUG - 2025-06-04 08:23:07 --> Session: Class initialized using 'CodeIgniter\Session\Handlers\FileHandler' driver.
INFO - 2025-06-04 08:23:07 --> Cart Class Initialized
DEBUG - 2025-06-04 08:23:22 --> Session: Class initialized using 'CodeIgniter\Session\Handlers\FileHandler' driver.
DEBUG - 2025-06-04 08:23:26 --> Session: Class initialized using 'CodeIgniter\Session\Handlers\FileHandler' driver.
INFO - 2025-06-04 08:23:26 --> Cart Class Initialized
DEBUG - 2025-06-04 08:23:26 --> Session: Class initialized using 'CodeIgniter\Session\Handlers\FileHandler' driver.
INFO - 2025-06-04 08:23:26 --> Cart Class Initialized
DEBUG - 2025-06-04 08:23:29 --> Session: Class initialized using 'CodeIgniter\Session\Handlers\FileHandler' driver.
DEBUG - 2025-06-04 08:23:33 --> Session: Class initialized using 'CodeIgniter\Session\Handlers\FileHandler' driver.
INFO - 2025-06-04 08:23:33 --> Cart Class Initialized
DEBUG - 2025-06-04 08:23:33 --> Session: Class initialized using 'CodeIgniter\Session\Handlers\FileHandler' driver.
INFO - 2025-06-04 08:23:33 --> Cart Class Initialized
DEBUG - 2025-06-04 08:23:38 --> Session: Class initialized using 'CodeIgniter\Session\Handlers\FileHandler' driver.
DEBUG - 2025-06-04 08:23:42 --> Session: Class initialized using 'CodeIgniter\Session\Handlers\FileHandler' driver.
INFO - 2025-06-04 08:23:42 --> Cart Class Initialized
DEBUG - 2025-06-04 08:23:42 --> Session: Class initialized using 'CodeIgniter\Session\Handlers\FileHandler' driver.
INFO - 2025-06-04 08:23:42 --> Cart Class Initialized
DEBUG - 2025-06-04 08:28:45 --> Session: Class initialized using 'CodeIgniter\Session\Handlers\FileHandler' driver.
INFO - 2025-06-04 08:28:45 --> Cart Class Initialized
DEBUG - 2025-06-04 08:29:26 --> Session: Class initialized using 'CodeIgniter\Session\Handlers\FileHandler' driver.
INFO - 2025-06-04 08:29:26 --> Cart Class Initialized
DEBUG - 2025-06-04 08:29:43 --> Session: Class initialized using 'CodeIgniter\Session\Handlers\FileHandler' driver.
INFO - 2025-06-04 08:29:43 --> Cart Class Initialized
DEBUG - 2025-06-04 08:29:55 --> Session: Class initialized using 'CodeIgniter\Session\Handlers\FileHandler' driver.
INFO - 2025-06-04 08:29:55 --> Cart Class Initialized
DEBUG - 2025-06-04 08:31:07 --> Session: Class initialized using 'CodeIgniter\Session\Handlers\FileHandler' driver.
DEBUG - 2025-06-04 08:31:10 --> Session: Class initialized using 'CodeIgniter\Session\Handlers\FileHandler' driver.
INFO - 2025-06-04 08:31:10 --> Cart Class Initialized
DEBUG - 2025-06-04 08:31:10 --> Session: Class initialized using 'CodeIgniter\Session\Handlers\FileHandler' driver.
INFO - 2025-06-04 08:31:10 --> Cart Class Initialized
DEBUG - 2025-06-04 08:31:15 --> Session: Class initialized using 'CodeIgniter\Session\Handlers\FileHandler' driver.
DEBUG - 2025-06-04 08:31:17 --> Session: Class initialized using 'CodeIgniter\Session\Handlers\FileHandler' driver.
INFO - 2025-06-04 08:31:17 --> Cart Class Initialized
DEBUG - 2025-06-04 08:31:18 --> Session: Class initialized using 'CodeIgniter\Session\Handlers\FileHandler' driver.
INFO - 2025-06-04 08:31:18 --> Cart Class Initialized
DEBUG - 2025-06-04 08:31:24 --> Session: Class initialized using 'CodeIgniter\Session\Handlers\FileHandler' driver.
DEBUG - 2025-06-04 08:31:30 --> Session: Class initialized using 'CodeIgniter\Session\Handlers\FileHandler' driver.
INFO - 2025-06-04 08:31:30 --> Cart Class Initialized
DEBUG - 2025-06-04 08:31:30 --> Session: Class initialized using 'CodeIgniter\Session\Handlers\FileHandler' driver.
INFO - 2025-06-04 08:31:30 --> Cart Class Initialized
DEBUG - 2025-06-04 08:33:23 --> Session: Class initialized using 'CodeIgniter\Session\Handlers\FileHandler' driver.
INFO - 2025-06-04 08:33:23 --> Cart Class Initialized
DEBUG - 2025-06-04 12:10:46 --> Session: Class initialized using 'CodeIgniter\Session\Handlers\FileHandler' driver.
DEBUG - 2025-06-04 12:10:48 --> Session: Class initialized using 'CodeIgniter\Session\Handlers\FileHandler' driver.
DEBUG - 2025-06-04 12:10:48 --> Session: Class initialized using 'CodeIgniter\Session\Handlers\FileHandler' driver.
INFO - 2025-06-04 12:10:48 --> Cart Class Initialized
DEBUG - 2025-06-04 12:10:54 --> Session: Class initialized using 'CodeIgniter\Session\Handlers\FileHandler' driver.
DEBUG - 2025-06-04 12:16:46 --> Session: Class initialized using 'CodeIgniter\Session\Handlers\FileHandler' driver.
INFO - 2025-06-04 12:16:46 --> Cart Class Initialized
DEBUG - 2025-06-04 12:16:55 --> Session: Class initialized using 'CodeIgniter\Session\Handlers\FileHandler' driver.
INFO - 2025-06-04 12:16:55 --> Cart Class Initialized
ERROR - 2025-06-04 12:16:55 --> An invalid name was submitted as the product name:  The name can only contain alpha-numeric characters, dashes, underscores, colons, and spaces
DEBUG - 2025-06-04 12:16:55 --> Session: Class initialized using 'CodeIgniter\Session\Handlers\FileHandler' driver.
INFO - 2025-06-04 12:16:55 --> Cart Class Initialized
DEBUG - 2025-06-04 12:23:19 --> Session: Class initialized using 'CodeIgniter\Session\Handlers\FileHandler' driver.
INFO - 2025-06-04 12:23:19 --> Cart Class Initialized
DEBUG - 2025-06-04 12:27:03 --> Session: Class initialized using 'CodeIgniter\Session\Handlers\FileHandler' driver.
INFO - 2025-06-04 12:27:03 --> Cart Class Initialized
DEBUG - 2025-06-04 12:27:05 --> Session: Class initialized using 'CodeIgniter\Session\Handlers\FileHandler' driver.
INFO - 2025-06-04 12:27:05 --> Cart Class Initialized
ERROR - 2025-06-04 12:27:05 --> Invalid product ID.  The product ID can only contain alpha-numeric characters, dashes, and underscores
DEBUG - 2025-06-04 12:27:05 --> Session: Class initialized using 'CodeIgniter\Session\Handlers\FileHandler' driver.
INFO - 2025-06-04 12:27:05 --> Cart Class Initialized
DEBUG - 2025-06-04 12:27:07 --> Session: Class initialized using 'CodeIgniter\Session\Handlers\FileHandler' driver.
INFO - 2025-06-04 12:27:07 --> Cart Class Initialized
ERROR - 2025-06-04 12:27:07 --> Invalid product ID.  The product ID can only contain alpha-numeric characters, dashes, and underscores
DEBUG - 2025-06-04 12:27:07 --> Session: Class initialized using 'CodeIgniter\Session\Handlers\FileHandler' driver.
INFO - 2025-06-04 12:27:07 --> Cart Class Initialized
DEBUG - 2025-06-04 12:27:11 --> Session: Class initialized using 'CodeIgniter\Session\Handlers\FileHandler' driver.
INFO - 2025-06-04 12:27:11 --> Cart Class Initialized
ERROR - 2025-06-04 12:27:11 --> Invalid product ID.  The product ID can only contain alpha-numeric characters, dashes, and underscores
DEBUG - 2025-06-04 12:27:11 --> Session: Class initialized using 'CodeIgniter\Session\Handlers\FileHandler' driver.
INFO - 2025-06-04 12:27:11 --> Cart Class Initialized
DEBUG - 2025-06-04 12:29:11 --> Session: Class initialized using 'CodeIgniter\Session\Handlers\FileHandler' driver.
INFO - 2025-06-04 12:29:11 --> Cart Class Initialized
DEBUG - 2025-06-04 12:29:13 --> Session: Class initialized using 'CodeIgniter\Session\Handlers\FileHandler' driver.
INFO - 2025-06-04 12:29:13 --> Cart Class Initialized
ERROR - 2025-06-04 12:29:13 --> Invalid product ID.  The product ID can only contain alpha-numeric characters, dashes, and underscores
DEBUG - 2025-06-04 12:29:13 --> Session: Class initialized using 'CodeIgniter\Session\Handlers\FileHandler' driver.
INFO - 2025-06-04 12:29:13 --> Cart Class Initialized
DEBUG - 2025-06-04 12:31:32 --> Session: Class initialized using 'CodeIgniter\Session\Handlers\FileHandler' driver.
INFO - 2025-06-04 12:31:32 --> Cart Class Initialized
DEBUG - 2025-06-04 12:33:55 --> Session: Class initialized using 'CodeIgniter\Session\Handlers\FileHandler' driver.
INFO - 2025-06-04 12:33:55 --> Cart Class Initialized
DEBUG - 2025-06-04 12:36:44 --> Session: Class initialized using 'CodeIgniter\Session\Handlers\FileHandler' driver.
INFO - 2025-06-04 12:36:44 --> Cart Class Initialized
DEBUG - 2025-06-04 12:42:17 --> Session: Class initialized using 'CodeIgniter\Session\Handlers\FileHandler' driver.
INFO - 2025-06-04 12:42:17 --> Cart Class Initialized
CRITICAL - 2025-06-04 12:42:17 --> TypeError: CodeIgniter\Database\BaseBuilder::hasOperator(): Argument #1 ($str) must be of type string, int given, called in C:\laragon\www\kasir-ci4\system\Database\BaseBuilder.php on line 806
[Method: GET, Route: Transaksi]
in SYSTEMPATH\Database\BaseBuilder.php on line 3448.
 1 SYSTEMPATH\Database\BaseBuilder.php(806): CodeIgniter\Database\BaseBuilder->hasOperator(1)
 2 SYSTEMPATH\Database\BaseBuilder.php(722): CodeIgniter\Database\BaseBuilder->whereHaving('QBWhere', true, null, 'AND ', true)
 3 APPPATH\Models\ModelTransaksi.php(40): CodeIgniter\Database\BaseBuilder->where(true)
 4 APPPATH\Controllers\Transaksi.php(24): App\Models\ModelTransaksi->AllProduk()
 5 SYSTEMPATH\CodeIgniter.php(933): App\Controllers\Transaksi->index()
 6 SYSTEMPATH\CodeIgniter.php(507): CodeIgniter\CodeIgniter->runController(Object(App\Controllers\Transaksi))
 7 SYSTEMPATH\CodeIgniter.php(354): CodeIgniter\CodeIgniter->handleRequest(null, Object(Config\Cache), false)
 8 SYSTEMPATH\Boot.php(334): CodeIgniter\CodeIgniter->run()
 9 SYSTEMPATH\Boot.php(67): CodeIgniter\Boot::runCodeIgniter(Object(CodeIgniter\CodeIgniter))
10 FCPATH\index.php(59): CodeIgniter\Boot::bootWeb(Object(Config\Paths))
11 SYSTEMPATH\rewrite.php(44): require_once('C:\\laragon\\www\\kasir-ci4\\public\\index.php')
DEBUG - 2025-06-04 12:43:02 --> Session: Class initialized using 'CodeIgniter\Session\Handlers\FileHandler' driver.
INFO - 2025-06-04 12:43:02 --> Cart Class Initialized
CRITICAL - 2025-06-04 12:43:02 --> TypeError: CodeIgniter\Database\BaseBuilder::hasOperator(): Argument #1 ($str) must be of type string, int given, called in C:\laragon\www\kasir-ci4\system\Database\BaseBuilder.php on line 806
[Method: GET, Route: Transaksi]
in SYSTEMPATH\Database\BaseBuilder.php on line 3448.
 1 SYSTEMPATH\Database\BaseBuilder.php(806): CodeIgniter\Database\BaseBuilder->hasOperator(1)
 2 SYSTEMPATH\Database\BaseBuilder.php(722): CodeIgniter\Database\BaseBuilder->whereHaving('QBWhere', true, null, 'AND ', true)
 3 APPPATH\Models\ModelTransaksi.php(40): CodeIgniter\Database\BaseBuilder->where(true)
 4 APPPATH\Controllers\Transaksi.php(24): App\Models\ModelTransaksi->AllProduk()
 5 SYSTEMPATH\CodeIgniter.php(933): App\Controllers\Transaksi->index()
 6 SYSTEMPATH\CodeIgniter.php(507): CodeIgniter\CodeIgniter->runController(Object(App\Controllers\Transaksi))
 7 SYSTEMPATH\CodeIgniter.php(354): CodeIgniter\CodeIgniter->handleRequest(null, Object(Config\Cache), false)
 8 SYSTEMPATH\Boot.php(334): CodeIgniter\CodeIgniter->run()
 9 SYSTEMPATH\Boot.php(67): CodeIgniter\Boot::runCodeIgniter(Object(CodeIgniter\CodeIgniter))
10 FCPATH\index.php(59): CodeIgniter\Boot::bootWeb(Object(Config\Paths))
11 SYSTEMPATH\rewrite.php(44): require_once('C:\\laragon\\www\\kasir-ci4\\public\\index.php')
DEBUG - 2025-06-04 12:50:05 --> Session: Class initialized using 'CodeIgniter\Session\Handlers\FileHandler' driver.
INFO - 2025-06-04 12:50:05 --> Cart Class Initialized
CRITICAL - 2025-06-04 12:50:05 --> TypeError: trim(): Argument #1 ($string) must be of type string, int given
[Method: GET, Route: Transaksi]
in SYSTEMPATH\Database\BaseBuilder.php on line 3452.
 1 SYSTEMPATH\Database\BaseBuilder.php(3452): trim(1)
 2 SYSTEMPATH\Database\BaseBuilder.php(806): CodeIgniter\Database\BaseBuilder->hasOperator(1)
 3 SYSTEMPATH\Database\BaseBuilder.php(722): CodeIgniter\Database\BaseBuilder->whereHaving('QBWhere', true, null, 'AND ', true)
 4 APPPATH\Models\ModelTransaksi.php(40): CodeIgniter\Database\BaseBuilder->where(true)
 5 APPPATH\Controllers\Transaksi.php(24): App\Models\ModelTransaksi->AllProduk()
 6 SYSTEMPATH\CodeIgniter.php(933): App\Controllers\Transaksi->index()
 7 SYSTEMPATH\CodeIgniter.php(507): CodeIgniter\CodeIgniter->runController(Object(App\Controllers\Transaksi))
 8 SYSTEMPATH\CodeIgniter.php(354): CodeIgniter\CodeIgniter->handleRequest(null, Object(Config\Cache), false)
 9 SYSTEMPATH\Boot.php(334): CodeIgniter\CodeIgniter->run()
10 SYSTEMPATH\Boot.php(67): CodeIgniter\Boot::runCodeIgniter(Object(CodeIgniter\CodeIgniter))
11 FCPATH\index.php(59): CodeIgniter\Boot::bootWeb(Object(Config\Paths))
12 SYSTEMPATH\rewrite.php(44): require_once('C:\\laragon\\www\\kasir-ci4\\public\\index.php')
DEBUG - 2025-06-04 12:50:40 --> Session: Class initialized using 'CodeIgniter\Session\Handlers\FileHandler' driver.
INFO - 2025-06-04 12:50:40 --> Cart Class Initialized
DEBUG - 2025-06-04 16:28:34 --> Session: Class initialized using 'CodeIgniter\Session\Handlers\FileHandler' driver.
DEBUG - 2025-06-04 16:28:34 --> Session: Class initialized using 'CodeIgniter\Session\Handlers\FileHandler' driver.
DEBUG - 2025-06-04 16:28:36 --> Session: Class initialized using 'CodeIgniter\Session\Handlers\FileHandler' driver.
DEBUG - 2025-06-04 16:28:36 --> Session: Class initialized using 'CodeIgniter\Session\Handlers\FileHandler' driver.
INFO - 2025-06-04 16:28:36 --> Cart Class Initialized
DEBUG - 2025-06-04 16:29:14 --> Session: Class initialized using 'CodeIgniter\Session\Handlers\FileHandler' driver.
INFO - 2025-06-04 16:29:14 --> Cart Class Initialized
DEBUG - 2025-06-04 16:37:04 --> Session: Class initialized using 'CodeIgniter\Session\Handlers\FileHandler' driver.
INFO - 2025-06-04 16:37:04 --> Cart Class Initialized
DEBUG - 2025-06-04 16:39:38 --> Session: Class initialized using 'CodeIgniter\Session\Handlers\FileHandler' driver.
INFO - 2025-06-04 16:39:38 --> Cart Class Initialized
DEBUG - 2025-06-04 16:40:30 --> Session: Class initialized using 'CodeIgniter\Session\Handlers\FileHandler' driver.
INFO - 2025-06-04 16:40:30 --> Cart Class Initialized
DEBUG - 2025-06-04 16:42:21 --> Session: Class initialized using 'CodeIgniter\Session\Handlers\FileHandler' driver.
INFO - 2025-06-04 16:42:21 --> Cart Class Initialized
DEBUG - 2025-06-04 16:46:28 --> Session: Class initialized using 'CodeIgniter\Session\Handlers\FileHandler' driver.
INFO - 2025-06-04 16:46:28 --> Cart Class Initialized
DEBUG - 2025-06-04 17:01:12 --> Session: Class initialized using 'CodeIgniter\Session\Handlers\FileHandler' driver.
INFO - 2025-06-04 17:01:12 --> Cart Class Initialized
DEBUG - 2025-06-04 17:03:42 --> Session: Class initialized using 'CodeIgniter\Session\Handlers\FileHandler' driver.
INFO - 2025-06-04 17:03:42 --> Cart Class Initialized
DEBUG - 2025-06-04 17:19:35 --> Session: Class initialized using 'CodeIgniter\Session\Handlers\FileHandler' driver.
INFO - 2025-06-04 17:19:35 --> Cart Class Initialized
DEBUG - 2025-06-04 17:21:08 --> Session: Class initialized using 'CodeIgniter\Session\Handlers\FileHandler' driver.
INFO - 2025-06-04 17:21:08 --> Cart Class Initialized
DEBUG - 2025-06-04 17:21:49 --> Session: Class initialized using 'CodeIgniter\Session\Handlers\FileHandler' driver.
INFO - 2025-06-04 17:21:49 --> Cart Class Initialized
DEBUG - 2025-06-04 17:22:52 --> Session: Class initialized using 'CodeIgniter\Session\Handlers\FileHandler' driver.
DEBUG - 2025-06-04 17:22:56 --> Session: Class initialized using 'CodeIgniter\Session\Handlers\FileHandler' driver.
INFO - 2025-06-04 17:22:56 --> Cart Class Initialized
DEBUG - 2025-06-04 17:22:56 --> Session: Class initialized using 'CodeIgniter\Session\Handlers\FileHandler' driver.
INFO - 2025-06-04 17:22:56 --> Cart Class Initialized
DEBUG - 2025-06-04 17:23:49 --> Session: Class initialized using 'CodeIgniter\Session\Handlers\FileHandler' driver.
INFO - 2025-06-04 17:23:49 --> Cart Class Initialized
DEBUG - 2025-06-04 17:23:54 --> Session: Class initialized using 'CodeIgniter\Session\Handlers\FileHandler' driver.
DEBUG - 2025-06-04 17:23:56 --> Session: Class initialized using 'CodeIgniter\Session\Handlers\FileHandler' driver.
INFO - 2025-06-04 17:23:56 --> Cart Class Initialized
DEBUG - 2025-06-04 17:23:56 --> Session: Class initialized using 'CodeIgniter\Session\Handlers\FileHandler' driver.
INFO - 2025-06-04 17:23:56 --> Cart Class Initialized
DEBUG - 2025-06-04 23:23:37 --> Session: Class initialized using 'CodeIgniter\Session\Handlers\FileHandler' driver.
DEBUG - 2025-06-04 23:23:40 --> Session: Class initialized using 'CodeIgniter\Session\Handlers\FileHandler' driver.
DEBUG - 2025-06-04 23:23:40 --> Session: Class initialized using 'CodeIgniter\Session\Handlers\FileHandler' driver.
INFO - 2025-06-04 23:23:40 --> Cart Class Initialized
DEBUG - 2025-06-04 23:30:26 --> Session: Class initialized using 'CodeIgniter\Session\Handlers\FileHandler' driver.
INFO - 2025-06-04 23:30:26 --> Cart Class Initialized
DEBUG - 2025-06-04 23:32:30 --> Session: Class initialized using 'CodeIgniter\Session\Handlers\FileHandler' driver.
INFO - 2025-06-04 23:32:30 --> Cart Class Initialized
DEBUG - 2025-06-04 23:32:39 --> Session: Class initialized using 'CodeIgniter\Session\Handlers\FileHandler' driver.
INFO - 2025-06-04 23:32:39 --> Cart Class Initialized
ERROR - 2025-06-04 23:32:39 --> An invalid name was submitted as the product name:  The name can only contain alpha-numeric characters, dashes, underscores, colons, and spaces
DEBUG - 2025-06-04 23:32:39 --> Session: Class initialized using 'CodeIgniter\Session\Handlers\FileHandler' driver.
INFO - 2025-06-04 23:32:39 --> Cart Class Initialized
DEBUG - 2025-06-04 23:32:47 --> Session: Class initialized using 'CodeIgniter\Session\Handlers\FileHandler' driver.
INFO - 2025-06-04 23:32:47 --> Cart Class Initialized
DEBUG - 2025-06-04 23:32:53 --> Session: Class initialized using 'CodeIgniter\Session\Handlers\FileHandler' driver.
INFO - 2025-06-04 23:32:53 --> Cart Class Initialized
ERROR - 2025-06-04 23:32:53 --> An invalid name was submitted as the product name:  The name can only contain alpha-numeric characters, dashes, underscores, colons, and spaces
DEBUG - 2025-06-04 23:32:53 --> Session: Class initialized using 'CodeIgniter\Session\Handlers\FileHandler' driver.
INFO - 2025-06-04 23:32:53 --> Cart Class Initialized
DEBUG - 2025-06-04 23:33:19 --> Session: Class initialized using 'CodeIgniter\Session\Handlers\FileHandler' driver.
INFO - 2025-06-04 23:33:19 --> Cart Class Initialized
ERROR - 2025-06-04 23:33:19 --> An invalid name was submitted as the product name:  The name can only contain alpha-numeric characters, dashes, underscores, colons, and spaces
DEBUG - 2025-06-04 23:33:19 --> Session: Class initialized using 'CodeIgniter\Session\Handlers\FileHandler' driver.
INFO - 2025-06-04 23:33:19 --> Cart Class Initialized
DEBUG - 2025-06-04 23:33:32 --> Session: Class initialized using 'CodeIgniter\Session\Handlers\FileHandler' driver.
INFO - 2025-06-04 23:33:32 --> Cart Class Initialized
ERROR - 2025-06-04 23:33:32 --> An invalid name was submitted as the product name:  The name can only contain alpha-numeric characters, dashes, underscores, colons, and spaces
DEBUG - 2025-06-04 23:33:32 --> Session: Class initialized using 'CodeIgniter\Session\Handlers\FileHandler' driver.
INFO - 2025-06-04 23:33:32 --> Cart Class Initialized
DEBUG - 2025-06-04 23:34:11 --> Session: Class initialized using 'CodeIgniter\Session\Handlers\FileHandler' driver.
INFO - 2025-06-04 23:34:11 --> Cart Class Initialized
ERROR - 2025-06-04 23:34:11 --> An invalid name was submitted as the product name:  The name can only contain alpha-numeric characters, dashes, underscores, colons, and spaces
DEBUG - 2025-06-04 23:34:11 --> Session: Class initialized using 'CodeIgniter\Session\Handlers\FileHandler' driver.
INFO - 2025-06-04 23:34:11 --> Cart Class Initialized
DEBUG - 2025-06-04 23:34:20 --> Session: Class initialized using 'CodeIgniter\Session\Handlers\FileHandler' driver.
INFO - 2025-06-04 23:34:20 --> Cart Class Initialized
