DEBUG - 2025-05-28 06:45:50 --> Session: Class initialized using 'CodeIgniter\Session\Handlers\FileHandler' driver.
DEBUG - 2025-05-28 15:40:55 --> Session: Class initialized using 'CodeIgniter\Session\Handlers\FileHandler' driver.
DEBUG - 2025-05-28 16:01:33 --> Session: Class initialized using 'CodeIgniter\Session\Handlers\FileHandler' driver.
DEBUG - 2025-05-28 16:01:36 --> Session: Class initialized using 'CodeIgniter\Session\Handlers\FileHandler' driver.
DEBUG - 2025-05-28 16:01:45 --> Session: Class initialized using 'CodeIgniter\Session\Handlers\FileHandler' driver.
DEBUG - 2025-05-28 16:01:45 --> Session: Class initialized using 'CodeIgniter\Session\Handlers\FileHandler' driver.
DEBUG - 2025-05-28 16:02:39 --> Session: Class initialized using 'CodeIgniter\Session\Handlers\FileHandler' driver.
DEBUG - 2025-05-28 16:02:39 --> Session: Class initialized using 'CodeIgniter\Session\Handlers\FileHandler' driver.
DEBUG - 2025-05-28 16:29:00 --> Session: Class initialized using 'CodeIgniter\Session\Handlers\FileHandler' driver.
CRITICAL - 2025-05-28 16:29:00 --> ErrorException: Undefined variable $satuan
[Method: GET, Route: Admin/Member]
in APPPATH\Views\v_member.php on line 33.
 1 APPPATH\Views\v_member.php(33): CodeIgniter\Debug\Exceptions->errorHandler(2, 'Undefined variable $satuan', 'C:\\laragon\\www\\kasir-ci4\\app\\Views\\v_member.php', 33)
 2 SYSTEMPATH\View\View.php(224): include('C:\\laragon\\www\\kasir-ci4\\app\\Views\\v_member.php')
 3 SYSTEMPATH\View\View.php(227): CodeIgniter\View\View->CodeIgniter\View\{closure}()
 4 SYSTEMPATH\Common.php(1173): CodeIgniter\View\View->render('v_member', [], true)
 5 APPPATH\Views\v_template.php(222): view('v_member')
 6 SYSTEMPATH\View\View.php(224): include('C:\\laragon\\www\\kasir-ci4\\app\\Views\\v_template.php')
 7 SYSTEMPATH\View\View.php(227): CodeIgniter\View\View->CodeIgniter\View\{closure}()
 8 SYSTEMPATH\Common.php(1173): CodeIgniter\View\View->render('v_template', [], true)
 9 APPPATH\Controllers\Admin.php(43): view('v_template', [...])
10 SYSTEMPATH\CodeIgniter.php(933): App\Controllers\Admin->Member()
11 SYSTEMPATH\CodeIgniter.php(507): CodeIgniter\CodeIgniter->runController(Object(App\Controllers\Admin))
12 SYSTEMPATH\CodeIgniter.php(354): CodeIgniter\CodeIgniter->handleRequest(null, Object(Config\Cache), false)
13 SYSTEMPATH\Boot.php(334): CodeIgniter\CodeIgniter->run()
14 SYSTEMPATH\Boot.php(67): CodeIgniter\Boot::runCodeIgniter(Object(CodeIgniter\CodeIgniter))
15 FCPATH\index.php(59): CodeIgniter\Boot::bootWeb(Object(Config\Paths))
16 SYSTEMPATH\rewrite.php(44): require_once('C:\\laragon\\www\\kasir-ci4\\public\\index.php')
DEBUG - 2025-05-28 16:47:27 --> Session: Class initialized using 'CodeIgniter\Session\Handlers\FileHandler' driver.
CRITICAL - 2025-05-28 16:47:27 --> ErrorException: Undefined variable $member
[Method: GET, Route: Admin/Member]
in APPPATH\Views\v_member.php on line 34.
 1 APPPATH\Views\v_member.php(34): CodeIgniter\Debug\Exceptions->errorHandler(2, 'Undefined variable $member', 'C:\\laragon\\www\\kasir-ci4\\app\\Views\\v_member.php', 34)
 2 SYSTEMPATH\View\View.php(224): include('C:\\laragon\\www\\kasir-ci4\\app\\Views\\v_member.php')
 3 SYSTEMPATH\View\View.php(227): CodeIgniter\View\View->CodeIgniter\View\{closure}()
 4 SYSTEMPATH\Common.php(1173): CodeIgniter\View\View->render('v_member', [], true)
 5 APPPATH\Views\v_template.php(222): view('v_member')
 6 SYSTEMPATH\View\View.php(224): include('C:\\laragon\\www\\kasir-ci4\\app\\Views\\v_template.php')
 7 SYSTEMPATH\View\View.php(227): CodeIgniter\View\View->CodeIgniter\View\{closure}()
 8 SYSTEMPATH\Common.php(1173): CodeIgniter\View\View->render('v_template', [], true)
 9 APPPATH\Controllers\Admin.php(43): view('v_template', [...])
10 SYSTEMPATH\CodeIgniter.php(933): App\Controllers\Admin->Member()
11 SYSTEMPATH\CodeIgniter.php(507): CodeIgniter\CodeIgniter->runController(Object(App\Controllers\Admin))
12 SYSTEMPATH\CodeIgniter.php(354): CodeIgniter\CodeIgniter->handleRequest(null, Object(Config\Cache), false)
13 SYSTEMPATH\Boot.php(334): CodeIgniter\CodeIgniter->run()
14 SYSTEMPATH\Boot.php(67): CodeIgniter\Boot::runCodeIgniter(Object(CodeIgniter\CodeIgniter))
15 FCPATH\index.php(59): CodeIgniter\Boot::bootWeb(Object(Config\Paths))
16 SYSTEMPATH\rewrite.php(44): require_once('C:\\laragon\\www\\kasir-ci4\\public\\index.php')
DEBUG - 2025-05-28 16:50:55 --> Session: Class initialized using 'CodeIgniter\Session\Handlers\FileHandler' driver.
CRITICAL - 2025-05-28 16:50:55 --> ErrorException: Undefined variable $member
[Method: GET, Route: Admin/Member]
in APPPATH\Views\v_member.php on line 34.
 1 APPPATH\Views\v_member.php(34): CodeIgniter\Debug\Exceptions->errorHandler(2, 'Undefined variable $member', 'C:\\laragon\\www\\kasir-ci4\\app\\Views\\v_member.php', 34)
 2 SYSTEMPATH\View\View.php(224): include('C:\\laragon\\www\\kasir-ci4\\app\\Views\\v_member.php')
 3 SYSTEMPATH\View\View.php(227): CodeIgniter\View\View->CodeIgniter\View\{closure}()
 4 SYSTEMPATH\Common.php(1173): CodeIgniter\View\View->render('v_member', [], true)
 5 APPPATH\Views\v_template.php(222): view('v_member')
 6 SYSTEMPATH\View\View.php(224): include('C:\\laragon\\www\\kasir-ci4\\app\\Views\\v_template.php')
 7 SYSTEMPATH\View\View.php(227): CodeIgniter\View\View->CodeIgniter\View\{closure}()
 8 SYSTEMPATH\Common.php(1173): CodeIgniter\View\View->render('v_template', [], true)
 9 APPPATH\Controllers\Admin.php(43): view('v_template', [...])
10 SYSTEMPATH\CodeIgniter.php(933): App\Controllers\Admin->Member()
11 SYSTEMPATH\CodeIgniter.php(507): CodeIgniter\CodeIgniter->runController(Object(App\Controllers\Admin))
12 SYSTEMPATH\CodeIgniter.php(354): CodeIgniter\CodeIgniter->handleRequest(null, Object(Config\Cache), false)
13 SYSTEMPATH\Boot.php(334): CodeIgniter\CodeIgniter->run()
14 SYSTEMPATH\Boot.php(67): CodeIgniter\Boot::runCodeIgniter(Object(CodeIgniter\CodeIgniter))
15 FCPATH\index.php(59): CodeIgniter\Boot::bootWeb(Object(Config\Paths))
16 SYSTEMPATH\rewrite.php(44): require_once('C:\\laragon\\www\\kasir-ci4\\public\\index.php')
DEBUG - 2025-05-28 16:51:14 --> Session: Class initialized using 'CodeIgniter\Session\Handlers\FileHandler' driver.
CRITICAL - 2025-05-28 16:51:14 --> ErrorException: Undefined variable $member
[Method: GET, Route: Admin/Member]
in APPPATH\Views\v_member.php on line 34.
 1 APPPATH\Views\v_member.php(34): CodeIgniter\Debug\Exceptions->errorHandler(2, 'Undefined variable $member', 'C:\\laragon\\www\\kasir-ci4\\app\\Views\\v_member.php', 34)
 2 SYSTEMPATH\View\View.php(224): include('C:\\laragon\\www\\kasir-ci4\\app\\Views\\v_member.php')
 3 SYSTEMPATH\View\View.php(227): CodeIgniter\View\View->CodeIgniter\View\{closure}()
 4 SYSTEMPATH\Common.php(1173): CodeIgniter\View\View->render('v_member', [], true)
 5 APPPATH\Views\v_template.php(222): view('v_member')
 6 SYSTEMPATH\View\View.php(224): include('C:\\laragon\\www\\kasir-ci4\\app\\Views\\v_template.php')
 7 SYSTEMPATH\View\View.php(227): CodeIgniter\View\View->CodeIgniter\View\{closure}()
 8 SYSTEMPATH\Common.php(1173): CodeIgniter\View\View->render('v_template', [], true)
 9 APPPATH\Controllers\Admin.php(43): view('v_template', [...])
10 SYSTEMPATH\CodeIgniter.php(933): App\Controllers\Admin->Member()
11 SYSTEMPATH\CodeIgniter.php(507): CodeIgniter\CodeIgniter->runController(Object(App\Controllers\Admin))
12 SYSTEMPATH\CodeIgniter.php(354): CodeIgniter\CodeIgniter->handleRequest(null, Object(Config\Cache), false)
13 SYSTEMPATH\Boot.php(334): CodeIgniter\CodeIgniter->run()
14 SYSTEMPATH\Boot.php(67): CodeIgniter\Boot::runCodeIgniter(Object(CodeIgniter\CodeIgniter))
15 FCPATH\index.php(59): CodeIgniter\Boot::bootWeb(Object(Config\Paths))
16 SYSTEMPATH\rewrite.php(44): require_once('C:\\laragon\\www\\kasir-ci4\\public\\index.php')
DEBUG - 2025-05-28 16:51:51 --> Session: Class initialized using 'CodeIgniter\Session\Handlers\FileHandler' driver.
CRITICAL - 2025-05-28 16:51:51 --> ErrorException: Undefined variable $member
[Method: GET, Route: Admin/Member]
in APPPATH\Views\v_member.php on line 34.
 1 APPPATH\Views\v_member.php(34): CodeIgniter\Debug\Exceptions->errorHandler(2, 'Undefined variable $member', 'C:\\laragon\\www\\kasir-ci4\\app\\Views\\v_member.php', 34)
 2 SYSTEMPATH\View\View.php(224): include('C:\\laragon\\www\\kasir-ci4\\app\\Views\\v_member.php')
 3 SYSTEMPATH\View\View.php(227): CodeIgniter\View\View->CodeIgniter\View\{closure}()
 4 SYSTEMPATH\Common.php(1173): CodeIgniter\View\View->render('v_member', [], true)
 5 APPPATH\Views\v_template.php(222): view('v_member')
 6 SYSTEMPATH\View\View.php(224): include('C:\\laragon\\www\\kasir-ci4\\app\\Views\\v_template.php')
 7 SYSTEMPATH\View\View.php(227): CodeIgniter\View\View->CodeIgniter\View\{closure}()
 8 SYSTEMPATH\Common.php(1173): CodeIgniter\View\View->render('v_template', [], true)
 9 APPPATH\Controllers\Admin.php(43): view('v_template', [...])
10 SYSTEMPATH\CodeIgniter.php(933): App\Controllers\Admin->Member()
11 SYSTEMPATH\CodeIgniter.php(507): CodeIgniter\CodeIgniter->runController(Object(App\Controllers\Admin))
12 SYSTEMPATH\CodeIgniter.php(354): CodeIgniter\CodeIgniter->handleRequest(null, Object(Config\Cache), false)
13 SYSTEMPATH\Boot.php(334): CodeIgniter\CodeIgniter->run()
14 SYSTEMPATH\Boot.php(67): CodeIgniter\Boot::runCodeIgniter(Object(CodeIgniter\CodeIgniter))
15 FCPATH\index.php(59): CodeIgniter\Boot::bootWeb(Object(Config\Paths))
16 SYSTEMPATH\rewrite.php(44): require_once('C:\\laragon\\www\\kasir-ci4\\public\\index.php')
